[preview.colorlib.com/theme/digilab/index.html]
[backblue.gif]
[fade.gif]
[index.html]
[preview.colorlib.com/theme/digilab/css/open-iconic-bootstrap.min.css]
[preview.colorlib.com/theme/digilab/css/animate.css]
[preview.colorlib.com/theme/digilab/css/owl.carousel.min.css]
[preview.colorlib.com/theme/digilab/css/owl.theme.default.min.css]
[preview.colorlib.com/theme/digilab/css/magnific-popup.css]
[preview.colorlib.com/theme/digilab/css/aos.css]
[preview.colorlib.com/theme/digilab/css/ionicons.min.css]
[preview.colorlib.com/theme/digilab/css/flaticon.css]
[preview.colorlib.com/theme/digilab/css/icomoon.css]
[preview.colorlib.com/theme/digilab/css/style.css]
[preview.colorlib.com/theme/digilab/index-2.html]
[preview.colorlib.com/theme/digilab/images/bg_1.jpg]
[preview.colorlib.com/theme/digilab/images/bg_2.jpg]
[preview.colorlib.com/theme/digilab/images/bg_3.jpg]
[preview.colorlib.com/theme/digilab/images/project-1.jpg]
[preview.colorlib.com/theme/digilab/images/project-2.jpg]
[preview.colorlib.com/theme/digilab/images/project-3.jpg]
[preview.colorlib.com/theme/digilab/images/project-4.jpg]
[preview.colorlib.com/theme/digilab/images/project-5.jpg]
[preview.colorlib.com/theme/digilab/images/project-6.jpg]
[preview.colorlib.com/theme/digilab/images/about.jpg]
[preview.colorlib.com/theme/digilab/images/staff-1.jpg]
[preview.colorlib.com/theme/digilab/images/staff-2.jpg]
[preview.colorlib.com/theme/digilab/images/staff-3.jpg]
[preview.colorlib.com/theme/digilab/images/staff-4.jpg]
[preview.colorlib.com/theme/digilab/images/person_1.jpg]
[preview.colorlib.com/theme/digilab/images/person_2.jpg]
[preview.colorlib.com/theme/digilab/images/person_3.jpg]
[preview.colorlib.com/theme/digilab/images/person_4.jpg]
[preview.colorlib.com/theme/digilab/single.html]
[preview.colorlib.com/theme/digilab/images/image_1.jpg]
[preview.colorlib.com/theme/digilab/images/image_2.jpg]
[preview.colorlib.com/theme/digilab/images/image_3.jpg]
[preview.colorlib.com/cdn-cgi/scripts/5c5dd728/cloudflare-static/email-decode.min.js]
[preview.colorlib.com/theme/digilab/js/jquery-migrate-3.0.1.min.js]
[preview.colorlib.com/theme/digilab/js/jquery.min.js]
[preview.colorlib.com/theme/digilab/js/popper.min.js]
[preview.colorlib.com/theme/digilab/js/bootstrap.min.js]
[preview.colorlib.com/theme/digilab/js/jquery.easing.1.3.js]
[preview.colorlib.com/theme/digilab/js/jquery.waypoints.min.js]
[preview.colorlib.com/theme/digilab/js/jquery.stellar.min.js]
[preview.colorlib.com/theme/digilab/js/owl.carousel.min.js]
[preview.colorlib.com/theme/digilab/js/jquery.magnific-popup.min.js]
[preview.colorlib.com/theme/digilab/js/aos.js]
[preview.colorlib.com/theme/digilab/js/jquery.animateNumber.min.js]
[preview.colorlib.com/theme/digilab/js/scrollax.min.js]
[preview.colorlib.com/theme/digilab/js/google-map.js]
[preview.colorlib.com/theme/digilab/index.html]
[preview.colorlib.com/theme/digilab/js/main.js]
[preview.colorlib.com/theme/digilab/fonts/open-iconic/open-iconic.eot]
[preview.colorlib.com/theme/digilab/fonts/open-iconic/open-iconicd41d.eot]
[preview.colorlib.com/theme/digilab/fonts/open-iconic/open-iconic.woff]
[preview.colorlib.com/theme/digilab/fonts/open-iconic/open-iconic.ttf]
[preview.colorlib.com/theme/digilab/fonts/open-iconic/open-iconic.otf]
[preview.colorlib.com/theme/digilab/css/open-iconic-bootstrap.min.css]
[preview.colorlib.com/theme/digilab/css/animate.css]
[preview.colorlib.com/theme/digilab/fonts/open-iconic/open-iconic.svg]
[preview.colorlib.com/theme/digilab/css/owl.video.play.png]
[preview.colorlib.com/theme/digilab/css/owl.carousel.min.css]
[preview.colorlib.com/theme/digilab/css/owl.theme.default.min.css]
[preview.colorlib.com/theme/digilab/css/magnific-popup.css]
[preview.colorlib.com/theme/digilab/css/aos.css]
[preview.colorlib.com/theme/digilab/fonts/ionicons/fonts/ionicons580c.eot]
[preview.colorlib.com/theme/digilab/fonts/ionicons/fonts/ionicons580c.woff2]
[preview.colorlib.com/theme/digilab/fonts/ionicons/fonts/ionicons580c.woff]
[preview.colorlib.com/theme/digilab/fonts/ionicons/fonts/ionicons580c.ttf]
[preview.colorlib.com/theme/digilab/css/ionicons.min.css]
[preview.colorlib.com/theme/digilab/fonts/flaticon/font/Flaticon.eot]
[preview.colorlib.com/theme/digilab/fonts/ionicons/fonts/ionicons580c.svg]
[preview.colorlib.com/theme/digilab/fonts/flaticon/font/Flaticond41d.eot]
[preview.colorlib.com/theme/digilab/fonts/flaticon/font/Flaticon.woff]
[preview.colorlib.com/theme/digilab/fonts/flaticon/font/Flaticon.ttf]
[preview.colorlib.com/theme/digilab/css/flaticon.css]
[preview.colorlib.com/theme/digilab/fonts/flaticon/font/Flaticon.svg]
[preview.colorlib.com/theme/digilab/fonts/icomoon/icomoonccfb.ttf]
[preview.colorlib.com/theme/digilab/fonts/icomoon/icomoonccfb.woff]
[preview.colorlib.com/theme/digilab/fonts/icomoon/icomoonccfb.eot]
[preview.colorlib.com/theme/digilab/css/icomoon.css]
[preview.colorlib.com/theme/digilab/css/style.css]
[preview.colorlib.com/theme/digilab/index-2.html]
[preview.colorlib.com/theme/digilab/images/bg_4.jpg]
[preview.colorlib.com/theme/digilab/fonts/icomoon/icomoonccfb.svg]
[preview.colorlib.com/theme/digilab/blog.46.delayed]
[preview.colorlib.com/theme/digilab/images/image_4.jpg]
[preview.colorlib.com/theme/digilab/single.html]
[preview.colorlib.com/theme/digilab/fonts/open-iconic/open-iconic.svg]
[preview.colorlib.com/theme/digilab/css/owl.video.play.html]
[preview.colorlib.com/theme/digilab/fonts/ionicons/fonts/ionicons580c.svg]
[preview.colorlib.com/theme/digilab/fonts/flaticon/font/Flaticon.svg]
[preview.colorlib.com/theme/digilab/fonts/icomoon/icomoonccfb.svg]
[preview.colorlib.com/theme/digilab/blog.html]
